<?xml version="1.0" encoding="UTF-8"?>
<!-- Generated by org.testng.reporters.JUnitReportReporter -->
<testsuite skipped="0" hostname="DESKTOP-O4GINOU" name="test.test" tests="3" failures="0" timestamp="2021-07-22T19:25:24 PDT" time="0.014" errors="0">
  <testcase name="m3" time="0.002" classname="test.test"/>
  <system-out/>
  <testcase name="m2" time="0.003" classname="test.test"/>
  <system-out/>
  <testcase name="m1" time="0.009" classname="test.test"/>
  <system-out/>
</testsuite> <!-- test.test -->
