<?xml version="1.0" encoding="UTF-8"?>
<!-- Generated by org.testng.reporters.JUnitReportReporter -->
<testsuite skipped="0" hostname="DESKTOP-O4GINOU" name="test.test" tests="3" failures="0" timestamp="2021-07-24T16:55:53 PDT" time="0.004" errors="0">
  <testcase name="m3" time="0.000" classname="test.test"/>
  <system-out/>
  <testcase name="m1" time="0.004" classname="test.test"/>
  <system-out/>
  <testcase name="m2" time="0.000" classname="test.test"/>
  <system-out/>
</testsuite> <!-- test.test -->
